{"C:\\Users\\nduvh\\OneDrive\\Desktop\\Freelance_Project\\backend\\api\\mongoDB\\Freelancer_Application.js": {"path":"C:\\Users\\nduvh\\OneDrive\\Desktop\\Freelance_Project\\backend\\api\\mongoDB\\Freelancer_Application.js","statementMap":{"0":{"start":{"line":1,"column":17},"end":{"line":1,"column":36}},"1":{"start":{"line":3,"column":26},"end":{"line":12,"column":2}},"2":{"start":{"line":14,"column":20},"end":{"line":14,"column":68}},"3":{"start":{"line":16,"column":0},"end":{"line":16,"column":29}}},"fnMap":{},"branchMap":{},"s":{"0":4,"1":4,"2":4,"3":4},"f":{},"b":{},"_coverageSchema":"1a1c01bbd47fc00a2c39e90264f33305004495a9","hash":"a2b295464424a9095ef414152289973c459ad9b1"}
,"C:\\Users\\nduvh\\OneDrive\\Desktop\\Freelance_Project\\backend\\api\\mongoDB\\Freelancer_Project.js": {"path":"C:\\Users\\nduvh\\OneDrive\\Desktop\\Freelance_Project\\backend\\api\\mongoDB\\Freelancer_Project.js","statementMap":{"0":{"start":{"line":1,"column":17},"end":{"line":1,"column":36}},"1":{"start":{"line":3,"column":22},"end":{"line":15,"column":2}},"2":{"start":{"line":17,"column":16},"end":{"line":17,"column":56}},"3":{"start":{"line":18,"column":0},"end":{"line":18,"column":25}}},"fnMap":{},"branchMap":{},"s":{"0":4,"1":4,"2":4,"3":4},"f":{},"b":{},"_coverageSchema":"1a1c01bbd47fc00a2c39e90264f33305004495a9","hash":"cd41bf1ff1d3d9c72081d20378eb894900ed3406"}
,"C:\\Users\\nduvh\\OneDrive\\Desktop\\Freelance_Project\\backend\\api\\mongoDB\\User.js": {"path":"C:\\Users\\nduvh\\OneDrive\\Desktop\\Freelance_Project\\backend\\api\\mongoDB\\User.js","statementMap":{"0":{"start":{"line":1,"column":17},"end":{"line":1,"column":36}},"1":{"start":{"line":3,"column":19},"end":{"line":7,"column":2}},"2":{"start":{"line":9,"column":13},"end":{"line":9,"column":48}},"3":{"start":{"line":11,"column":0},"end":{"line":11,"column":22}}},"fnMap":{},"branchMap":{},"s":{"0":4,"1":4,"2":4,"3":4},"f":{},"b":{},"_coverageSchema":"1a1c01bbd47fc00a2c39e90264f33305004495a9","hash":"76c5795985685067fb734558ae572eb6929c8883"}
,"C:\\Users\\nduvh\\OneDrive\\Desktop\\Freelance_Project\\backend\\api\\mongoDB\\description.js": {"path":"C:\\Users\\nduvh\\OneDrive\\Desktop\\Freelance_Project\\backend\\api\\mongoDB\\description.js","statementMap":{"0":{"start":{"line":1,"column":17},"end":{"line":1,"column":36}},"1":{"start":{"line":3,"column":19},"end":{"line":9,"column":2}},"2":{"start":{"line":11,"column":18},"end":{"line":11,"column":65}},"3":{"start":{"line":13,"column":0},"end":{"line":13,"column":27}}},"fnMap":{},"branchMap":{},"s":{"0":4,"1":4,"2":4,"3":4},"f":{},"b":{},"_coverageSchema":"1a1c01bbd47fc00a2c39e90264f33305004495a9","hash":"7b2e67cf1383ccfc2faf2c23577242a964ba2997"}
,"C:\\Users\\nduvh\\OneDrive\\Desktop\\Freelance_Project\\backend\\api\\mongoDB\\project.js": {"path":"C:\\Users\\nduvh\\OneDrive\\Desktop\\Freelance_Project\\backend\\api\\mongoDB\\project.js","statementMap":{"0":{"start":{"line":1,"column":17},"end":{"line":1,"column":36}},"1":{"start":{"line":3,"column":19},"end":{"line":11,"column":2}},"2":{"start":{"line":13,"column":16},"end":{"line":13,"column":60}},"3":{"start":{"line":15,"column":0},"end":{"line":15,"column":25}}},"fnMap":{},"branchMap":{},"s":{"0":4,"1":4,"2":4,"3":4},"f":{},"b":{},"_coverageSchema":"1a1c01bbd47fc00a2c39e90264f33305004495a9","hash":"ba77eb8e3b693098116c837a2d63fe76c3d7697e"}
,"C:\\Users\\nduvh\\OneDrive\\Desktop\\Freelance_Project\\backend\\controller\\controller.js": {"path":"C:\\Users\\nduvh\\OneDrive\\Desktop\\Freelance_Project\\backend\\controller\\controller.js","statementMap":{"0":{"start":{"line":1,"column":17},"end":{"line":1,"column":36}},"1":{"start":{"line":2,"column":13},"end":{"line":2,"column":43}},"2":{"start":{"line":3,"column":22},"end":{"line":3,"column":55}},"3":{"start":{"line":4,"column":18},"end":{"line":4,"column":55}},"4":{"start":{"line":7,"column":16},"end":{"line":7,"column":60}},"5":{"start":{"line":8,"column":20},"end":{"line":8,"column":68}},"6":{"start":{"line":11,"column":16},"end":{"line":13,"column":1}},"7":{"start":{"line":12,"column":4},"end":{"line":12,"column":27}},"8":{"start":{"line":15,"column":16},"end":{"line":17,"column":1}},"9":{"start":{"line":16,"column":4},"end":{"line":16,"column":24}},"10":{"start":{"line":19,"column":23},"end":{"line":68,"column":1}},"11":{"start":{"line":20,"column":21},"end":{"line":20,"column":38}},"12":{"start":{"line":21,"column":21},"end":{"line":21,"column":49}},"13":{"start":{"line":22,"column":18},"end":{"line":22,"column":32}},"14":{"start":{"line":24,"column":4},"end":{"line":26,"column":5}},"15":{"start":{"line":25,"column":8},"end":{"line":25,"column":73}},"16":{"start":{"line":28,"column":4},"end":{"line":30,"column":5}},"17":{"start":{"line":29,"column":8},"end":{"line":29,"column":72}},"18":{"start":{"line":32,"column":21},"end":{"line":36,"column":5}},"19":{"start":{"line":38,"column":4},"end":{"line":38,"column":54}},"20":{"start":{"line":40,"column":17},"end":{"line":40,"column":19}},"21":{"start":{"line":41,"column":4},"end":{"line":67,"column":5}},"22":{"start":{"line":42,"column":29},"end":{"line":42,"column":80}},"23":{"start":{"line":43,"column":8},"end":{"line":50,"column":9}},"24":{"start":{"line":44,"column":12},"end":{"line":44,"column":95}},"25":{"start":{"line":45,"column":12},"end":{"line":49,"column":15}},"26":{"start":{"line":52,"column":24},"end":{"line":52,"column":42}},"27":{"start":{"line":53,"column":8},"end":{"line":53,"column":29}},"28":{"start":{"line":55,"column":8},"end":{"line":59,"column":10}},"29":{"start":{"line":60,"column":8},"end":{"line":60,"column":36}},"30":{"start":{"line":61,"column":8},"end":{"line":61,"column":64}},"31":{"start":{"line":62,"column":8},"end":{"line":62,"column":53}},"32":{"start":{"line":64,"column":8},"end":{"line":64,"column":59}},"33":{"start":{"line":65,"column":8},"end":{"line":65,"column":51}},"34":{"start":{"line":66,"column":8},"end":{"line":66,"column":63}},"35":{"start":{"line":70,"column":22},"end":{"line":96,"column":1}},"36":{"start":{"line":71,"column":18},"end":{"line":71,"column":32}},"37":{"start":{"line":72,"column":24},"end":{"line":72,"column":44}},"38":{"start":{"line":73,"column":19},"end":{"line":73,"column":34}},"39":{"start":{"line":74,"column":18},"end":{"line":74,"column":33}},"40":{"start":{"line":76,"column":20},"end":{"line":82,"column":5}},"41":{"start":{"line":85,"column":16},"end":{"line":85,"column":18}},"42":{"start":{"line":86,"column":4},"end":{"line":94,"column":5}},"43":{"start":{"line":88,"column":20},"end":{"line":88,"column":42}},"44":{"start":{"line":89,"column":4},"end":{"line":89,"column":25}},"45":{"start":{"line":93,"column":8},"end":{"line":93,"column":66}},"46":{"start":{"line":98,"column":19},"end":{"line":130,"column":3}},"47":{"start":{"line":99,"column":64},"end":{"line":99,"column":72}},"48":{"start":{"line":100,"column":21},"end":{"line":100,"column":43}},"49":{"start":{"line":103,"column":20},"end":{"line":109,"column":5}},"50":{"start":{"line":112,"column":4},"end":{"line":129,"column":5}},"51":{"start":{"line":113,"column":31},"end":{"line":117,"column":9}},"52":{"start":{"line":119,"column":21},"end":{"line":119,"column":51}},"53":{"start":{"line":121,"column":8},"end":{"line":123,"column":9}},"54":{"start":{"line":122,"column":10},"end":{"line":122,"column":56}},"55":{"start":{"line":125,"column":8},"end":{"line":125,"column":84}},"56":{"start":{"line":127,"column":6},"end":{"line":127,"column":52}},"57":{"start":{"line":128,"column":6},"end":{"line":128,"column":71}},"58":{"start":{"line":134,"column":28},"end":{"line":141,"column":1}},"59":{"start":{"line":135,"column":4},"end":{"line":140,"column":5}},"60":{"start":{"line":136,"column":25},"end":{"line":136,"column":74}},"61":{"start":{"line":137,"column":8},"end":{"line":137,"column":27}},"62":{"start":{"line":139,"column":8},"end":{"line":139,"column":66}},"63":{"start":{"line":142,"column":35},"end":{"line":149,"column":1}},"64":{"start":{"line":143,"column":4},"end":{"line":148,"column":5}},"65":{"start":{"line":144,"column":25},"end":{"line":144,"column":65}},"66":{"start":{"line":145,"column":8},"end":{"line":145,"column":27}},"67":{"start":{"line":147,"column":8},"end":{"line":147,"column":73}},"68":{"start":{"line":152,"column":22},"end":{"line":159,"column":1}},"69":{"start":{"line":153,"column":4},"end":{"line":158,"column":5}},"70":{"start":{"line":154,"column":24},"end":{"line":154,"column":54}},"71":{"start":{"line":155,"column":8},"end":{"line":155,"column":38}},"72":{"start":{"line":157,"column":8},"end":{"line":157,"column":68}},"73":{"start":{"line":162,"column":36},"end":{"line":164,"column":3}},"74":{"start":{"line":163,"column":4},"end":{"line":163,"column":41}},"75":{"start":{"line":166,"column":26},"end":{"line":173,"column":1}},"76":{"start":{"line":167,"column":4},"end":{"line":172,"column":5}},"77":{"start":{"line":168,"column":20},"end":{"line":168,"column":54}},"78":{"start":{"line":169,"column":8},"end":{"line":169,"column":34}},"79":{"start":{"line":171,"column":8},"end":{"line":171,"column":72}},"80":{"start":{"line":175,"column":0},"end":{"line":187,"column":2}}},"fnMap":{"0":{"name":"(anonymous_0)","decl":{"start":{"line":11,"column":16},"end":{"line":11,"column":17}},"loc":{"start":{"line":11,"column":30},"end":{"line":13,"column":1}},"line":11},"1":{"name":"(anonymous_1)","decl":{"start":{"line":15,"column":16},"end":{"line":15,"column":17}},"loc":{"start":{"line":15,"column":30},"end":{"line":17,"column":1}},"line":15},"2":{"name":"(anonymous_2)","decl":{"start":{"line":19,"column":23},"end":{"line":19,"column":24}},"loc":{"start":{"line":19,"column":43},"end":{"line":68,"column":1}},"line":19},"3":{"name":"(anonymous_3)","decl":{"start":{"line":70,"column":22},"end":{"line":70,"column":23}},"loc":{"start":{"line":70,"column":39},"end":{"line":96,"column":1}},"line":70},"4":{"name":"(anonymous_4)","decl":{"start":{"line":98,"column":19},"end":{"line":98,"column":20}},"loc":{"start":{"line":98,"column":39},"end":{"line":130,"column":3}},"line":98},"5":{"name":"(anonymous_5)","decl":{"start":{"line":134,"column":28},"end":{"line":134,"column":29}},"loc":{"start":{"line":134,"column":48},"end":{"line":141,"column":1}},"line":134},"6":{"name":"(anonymous_6)","decl":{"start":{"line":142,"column":35},"end":{"line":142,"column":36}},"loc":{"start":{"line":142,"column":55},"end":{"line":149,"column":1}},"line":142},"7":{"name":"(anonymous_7)","decl":{"start":{"line":152,"column":22},"end":{"line":152,"column":23}},"loc":{"start":{"line":152,"column":42},"end":{"line":159,"column":1}},"line":152},"8":{"name":"(anonymous_8)","decl":{"start":{"line":162,"column":36},"end":{"line":162,"column":37}},"loc":{"start":{"line":162,"column":50},"end":{"line":164,"column":3}},"line":162},"9":{"name":"(anonymous_9)","decl":{"start":{"line":166,"column":26},"end":{"line":166,"column":27}},"loc":{"start":{"line":166,"column":46},"end":{"line":173,"column":1}},"line":166}},"branchMap":{"0":{"loc":{"start":{"line":24,"column":4},"end":{"line":26,"column":5}},"type":"if","locations":[{"start":{"line":24,"column":4},"end":{"line":26,"column":5}},{"start":{},"end":{}}],"line":24},"1":{"loc":{"start":{"line":28,"column":4},"end":{"line":30,"column":5}},"type":"if","locations":[{"start":{"line":28,"column":4},"end":{"line":30,"column":5}},{"start":{},"end":{}}],"line":28},"2":{"loc":{"start":{"line":28,"column":8},"end":{"line":28,"column":62}},"type":"binary-expr","locations":[{"start":{"line":28,"column":8},"end":{"line":28,"column":14}},{"start":{"line":28,"column":19},"end":{"line":28,"column":39}},{"start":{"line":28,"column":43},"end":{"line":28,"column":61}}],"line":28},"3":{"loc":{"start":{"line":35,"column":15},"end":{"line":35,"column":53}},"type":"cond-expr","locations":[{"start":{"line":35,"column":38},"end":{"line":35,"column":43}},{"start":{"line":35,"column":46},"end":{"line":35,"column":53}}],"line":35},"4":{"loc":{"start":{"line":43,"column":8},"end":{"line":50,"column":9}},"type":"if","locations":[{"start":{"line":43,"column":8},"end":{"line":50,"column":9}},{"start":{},"end":{}}],"line":43},"5":{"loc":{"start":{"line":121,"column":8},"end":{"line":123,"column":9}},"type":"if","locations":[{"start":{"line":121,"column":8},"end":{"line":123,"column":9}},{"start":{},"end":{}}],"line":121}},"s":{"0":4,"1":4,"2":4,"3":4,"4":4,"5":4,"6":4,"7":0,"8":4,"9":0,"10":4,"11":4,"12":4,"13":4,"14":4,"15":1,"16":3,"17":1,"18":2,"19":2,"20":2,"21":2,"22":2,"23":2,"24":1,"25":1,"26":1,"27":1,"28":0,"29":0,"30":0,"31":0,"32":1,"33":1,"34":1,"35":4,"36":0,"37":0,"38":0,"39":0,"40":0,"41":0,"42":0,"43":0,"44":0,"45":0,"46":4,"47":0,"48":0,"49":0,"50":0,"51":0,"52":0,"53":0,"54":0,"55":0,"56":0,"57":0,"58":4,"59":2,"60":2,"61":0,"62":1,"63":4,"64":2,"65":2,"66":0,"67":1,"68":4,"69":0,"70":0,"71":0,"72":0,"73":4,"74":0,"75":4,"76":0,"77":0,"78":0,"79":0,"80":4},"f":{"0":0,"1":0,"2":4,"3":0,"4":0,"5":2,"6":2,"7":0,"8":0,"9":0},"b":{"0":[1,3],"1":[1,2],"2":[3,3,3],"3":[2,0],"4":[1,1],"5":[0,0]},"_coverageSchema":"1a1c01bbd47fc00a2c39e90264f33305004495a9","hash":"b2b50355c8b26cbbc7a7048dc1672a778fdd3042"}
}
