TN:
SF:backend/api/mongoDB/Freelancer_Application.js
FNF:0
FNH:0
DA:1,6
DA:3,6
DA:21,6
DA:23,6
LF:4
LH:4
BRF:0
BRH:0
end_of_record
TN:
SF:backend/api/mongoDB/Freelancer_Project.js
FNF:0
FNH:0
DA:1,6
DA:3,6
DA:17,6
DA:18,6
LF:4
LH:4
BRF:0
BRH:0
end_of_record
TN:
SF:backend/api/mongoDB/Project.js
FNF:0
FNH:0
DA:1,6
DA:3,6
DA:13,6
DA:15,6
LF:4
LH:4
BRF:0
BRH:0
end_of_record
TN:
SF:backend/api/mongoDB/User.js
FNF:0
FNH:0
DA:1,6
DA:3,6
DA:9,6
DA:11,6
LF:4
LH:4
BRF:0
BRH:0
end_of_record
TN:
SF:backend/api/mongoDB/description.js
FNF:0
FNH:0
DA:1,6
DA:3,6
DA:11,6
DA:13,6
LF:4
LH:4
BRF:0
BRH:0
end_of_record
TN:
SF:backend/controller/controller.js
FN:11,(anonymous_0)
FN:15,(anonymous_1)
FN:19,(anonymous_2)
FN:70,(anonymous_3)
FN:98,(anonymous_4)
FN:134,(anonymous_5)
FN:142,(anonymous_6)
FN:152,(anonymous_7)
FN:162,(anonymous_8)
FN:166,(anonymous_9)
FNF:10
FNH:6
FNDA:0,(anonymous_0)
FNDA:0,(anonymous_1)
FNDA:4,(anonymous_2)
FNDA:0,(anonymous_3)
FNDA:0,(anonymous_4)
FNDA:2,(anonymous_5)
FNDA:2,(anonymous_6)
FNDA:2,(anonymous_7)
FNDA:1,(anonymous_8)
FNDA:2,(anonymous_9)
DA:1,6
DA:2,6
DA:3,6
DA:4,6
DA:7,6
DA:8,6
DA:11,6
DA:12,0
DA:15,6
DA:16,0
DA:19,6
DA:20,4
DA:21,4
DA:22,4
DA:24,4
DA:25,1
DA:28,3
DA:29,1
DA:32,2
DA:38,2
DA:40,2
DA:41,2
DA:42,2
DA:43,2
DA:44,1
DA:45,1
DA:52,1
DA:53,1
DA:55,0
DA:60,0
DA:61,0
DA:62,0
DA:64,1
DA:65,1
DA:66,1
DA:70,6
DA:71,0
DA:72,0
DA:73,0
DA:74,0
DA:76,0
DA:85,0
DA:86,0
DA:88,0
DA:89,0
DA:93,0
DA:98,6
DA:99,0
DA:100,0
DA:103,0
DA:112,0
DA:113,0
DA:119,0
DA:121,0
DA:122,0
DA:125,0
DA:127,0
DA:128,0
DA:134,6
DA:135,2
DA:136,2
DA:137,0
DA:139,1
DA:142,6
DA:143,2
DA:144,2
DA:145,0
DA:147,1
DA:152,6
DA:153,2
DA:154,2
DA:155,1
DA:157,1
DA:162,6
DA:163,1
DA:166,6
DA:167,2
DA:168,2
DA:169,1
DA:171,1
DA:175,6
LF:81
LH:52
BRDA:24,0,0,1
BRDA:24,0,1,3
BRDA:28,1,0,1
BRDA:28,1,1,2
BRDA:28,2,0,3
BRDA:28,2,1,3
BRDA:28,2,2,3
BRDA:35,3,0,2
BRDA:35,3,1,0
BRDA:43,4,0,1
BRDA:43,4,1,1
BRDA:121,5,0,0
BRDA:121,5,1,0
BRF:13
BRH:10
end_of_record
